<?xml version="1.0" encoding="UTF-8"?>
<testsuite name="com.forge.plugin.api.handlers.ProjectHandlersTest" tests="2" skipped="0" failures="0" errors="0" timestamp="2026-03-03T11:29:48" hostname="Mac" time="0.052">
  <properties/>
  <testcase name="testHandleCodebaseSearch" classname="com.forge.plugin.api.handlers.ProjectHandlersTest" time="0.01"/>
  <testcase name="testHandleWorkspaceSymbols" classname="com.forge.plugin.api.handlers.ProjectHandlersTest" time="0.042"/>
  <system-out><![CDATA[]]></system-out>
  <system-err><![CDATA[]]></system-err>
</testsuite>
