<?xml version="1.0" encoding="UTF-8"?>
<testsuite name="com.forge.plugin.api.handlers.FileHandlersTest" tests="8" skipped="0" failures="0" errors="0" timestamp="2026-03-02T05:12:11" hostname="Mac" time="0.194">
  <properties/>
  <testcase name="testHandleDeleteFile" classname="com.forge.plugin.api.handlers.FileHandlersTest" time="0.033"/>
  <testcase name="testHandleReadFile" classname="com.forge.plugin.api.handlers.FileHandlersTest" time="0.023"/>
  <testcase name="testHandleReplaceInFile" classname="com.forge.plugin.api.handlers.FileHandlersTest" time="0.031"/>
  <testcase name="testHandleListFiles" classname="com.forge.plugin.api.handlers.FileHandlersTest" time="0.013"/>
  <testcase name="testHandleWriteToFile" classname="com.forge.plugin.api.handlers.FileHandlersTest" time="0.044"/>
  <testcase name="testHandleGlob" classname="com.forge.plugin.api.handlers.FileHandlersTest" time="0.018"/>
  <testcase name="testHandleGrep" classname="com.forge.plugin.api.handlers.FileHandlersTest" time="0.019"/>
  <testcase name="testHandleSearchInFile" classname="com.forge.plugin.api.handlers.FileHandlersTest" time="0.013"/>
  <system-out><![CDATA[testHandleReadFile basePath: /private/var/folders/ls/l5fr6r1s66vg3cb9tjrmbrgc0000gn/T/unitTest_showCode_3ANLxr3fYais8z2aTbLfVNiSjkl
testHandleReadFile result: {"success":true,"result":{"content":"line1\nline2\nline3","total_lines":3,"start_line":0,"end_line":2}}
]]></system-out>
  <system-err><![CDATA[]]></system-err>
</testsuite>
